<?xml version="1.0" encoding="UTF-8"?>
<testng-results ignored="0" total="1" passed="1" failed="0" skipped="0">
  <reporter-output>
  </reporter-output>
  <suite started-at="2020-09-18T06:53:45 IST" name="Default suite" finished-at="2020-09-18T06:54:01 IST" duration-ms="16154">
    <groups>
    </groups>
    <test started-at="2020-09-18T06:53:45 IST" name="Default test" finished-at="2020-09-18T06:54:01 IST" duration-ms="16154">
      <class name="qaclickacademy.Mavenjava.ExtentReportTest">
        <test-method is-config="true" signature="config()[pri:0, instance:qaclickacademy.Mavenjava.ExtentReportTest@353d0772]" started-at="2020-09-18T06:53:45 IST" name="config" finished-at="2020-09-18T06:53:46 IST" duration-ms="317" status="PASS">
          <reporter-output>
          </reporter-output>
        </test-method> <!-- config -->
        <test-method signature="initialization()[pri:0, instance:qaclickacademy.Mavenjava.ExtentReportTest@353d0772]" started-at="2020-09-18T06:53:46 IST" name="initialization" finished-at="2020-09-18T06:54:01 IST" duration-ms="15782" status="PASS">
          <reporter-output>
          </reporter-output>
        </test-method> <!-- initialization -->
      </class> <!-- qaclickacademy.Mavenjava.ExtentReportTest -->
    </test> <!-- Default test -->
  </suite> <!-- Default suite -->
</testng-results>
